#Software: Sever
#ProcessID: 8544
#AppDomain: Sever.exe
#BaseDirectory: C:\Users\Ali\source\repos\Demo\Sever\bin\Debug\
#CommandLine: "C:\Users\Ali\source\repos\Demo\Sever\bin\Debug\Sever.exe" 
#ApplicationType: Console
#CLR: 4.0.30319.42000, .NET Framework 4.6.1
#OS: Microsoft Windows NT 6.1.7601 Service Pack 1, ALI-PC/Ali
#CPU: 4
#Date: 2018-11-06
#字段: 时间 线程ID 线程池Y网页W普通N 线程名 消息内容
#Fields: Time ThreadID IsPoolThread ThreadName Message
18:29:33.008  1 N - NewLife.Core v7.4.2018.1103 Build 2018-11-03 22:57:02 .NET Framework 4.5
18:29:33.009  1 N - 组件核心库 ©2002-2018 新生命开发团队 https://github.com/NewLifeX/X
18:29:33.009  1 N - Sever v1.0.0.0 Build 2000-01-01 .NET Framework 4.6.1
18:29:33.009  1 N - Sever Copyright © Microsoft 2018
18:29:33.050  1 N - Net 准备开始监听4个服务器
18:29:33.054  1 N - NetTcp.Start Tcp://0.0.0.0:1234
18:29:33.055  1 N - Net 开始监听 Tcp://0.0.0.0:1234
18:29:33.056  1 N - NetTcp6.Start Tcp://:::1234
18:29:33.056  1 N - Net 开始监听 Tcp://:::1234
18:29:33.059  1 N - NetUdp.Open Udp://0.0.0.0:1234
18:29:33.062  1 N - Net 开始监听 Udp://0.0.0.0:1234
18:29:33.062  1 N - NetUdp6.Open Udp://:::1234
18:29:33.062  1 N - Net 开始监听 Udp://:::1234
18:29:33.062  1 N - Net 准备就绪！
